
> backend@0.0.1 start:dev
> nest start --watch

[2J[3J[H[[90m16:20:29[0m] Starting compilation in watch mode...

[[90m16:20:36[0m] Found 0 errors. Watching for file changes.

[32m[Nest] 24244  - [39m23/03/2569 16:20:37 [32m    LOG[39m [38;5;3m[NestFactory] [39m[32mStarting Nest application...[39m
[32m[Nest] 24244  - [39m23/03/2569 16:20:37 [32m    LOG[39m [38;5;3m[InstanceLoader] [39m[32mPrismaModule dependencies initialized[39m[38;5;3m +256ms[39m
[32m[Nest] 24244  - [39m23/03/2569 16:20:37 [32m    LOG[39m [38;5;3m[InstanceLoader] [39m[32mPassportModule dependencies initialized[39m[38;5;3m +0ms[39m
[32m[Nest] 24244  - [39m23/03/2569 16:20:37 [32m    LOG[39m [38;5;3m[InstanceLoader] [39m[32mJwtModule dependencies initialized[39m[38;5;3m +3ms[39m
[32m[Nest] 24244  - [39m23/03/2569 16:20:37 [32m    LOG[39m [38;5;3m[InstanceLoader] [39m[32mAppModule dependencies initialized[39m[38;5;3m +1ms[39m
[32m[Nest] 24244  - [39m23/03/2569 16:20:37 [32m    LOG[39m [38;5;3m[InstanceLoader] [39m[32mCredentialsModule dependencies initialized[39m[38;5;3m +1ms[39m
[32m[Nest] 24244  - [39m23/03/2569 16:20:37 [32m    LOG[39m [38;5;3m[InstanceLoader] [39m[32mDashboardModule dependencies initialized[39m[38;5;3m +0ms[39m
[32m[Nest] 24244  - [39m23/03/2569 16:20:37 [32m    LOG[39m [38;5;3m[InstanceLoader] [39m[32mUsersModule dependencies initialized[39m[38;5;3m +0ms[39m
[32m[Nest] 24244  - [39m23/03/2569 16:20:37 [32m    LOG[39m [38;5;3m[InstanceLoader] [39m[32mAssetsModule dependencies initialized[39m[38;5;3m +0ms[39m
[32m[Nest] 24244  - [39m23/03/2569 16:20:37 [32m    LOG[39m [38;5;3m[InstanceLoader] [39m[32mDatabasesModule dependencies initialized[39m[38;5;3m +0ms[39m
[32m[Nest] 24244  - [39m23/03/2569 16:20:37 [32m    LOG[39m [38;5;3m[InstanceLoader] [39m[32mVmModule dependencies initialized[39m[38;5;3m +0ms[39m
[32m[Nest] 24244  - [39m23/03/2569 16:20:37 [32m    LOG[39m [38;5;3m[InstanceLoader] [39m[32mAuthModule dependencies initialized[39m[38;5;3m +0ms[39m
[32m[Nest] 24244  - [39m23/03/2569 16:20:37 [32m    LOG[39m [38;5;3m[RoutesResolver] [39m[32mAppController {/}:[39m[38;5;3m +7ms[39m
[32m[Nest] 24244  - [39m23/03/2569 16:20:37 [32m    LOG[39m [38;5;3m[RouterExplorer] [39m[32mMapped {/, GET} route[39m[38;5;3m +3ms[39m
[32m[Nest] 24244  - [39m23/03/2569 16:20:37 [32m    LOG[39m [38;5;3m[RoutesResolver] [39m[32mAuthController {/api/auth}:[39m[38;5;3m +0ms[39m
[32m[Nest] 24244  - [39m23/03/2569 16:20:37 [32m    LOG[39m [38;5;3m[RouterExplorer] [39m[32mMapped {/api/auth/register, POST} route[39m[38;5;3m +0ms[39m
[32m[Nest] 24244  - [39m23/03/2569 16:20:37 [32m    LOG[39m [38;5;3m[RouterExplorer] [39m[32mMapped {/api/auth/login, POST} route[39m[38;5;3m +1ms[39m
[32m[Nest] 24244  - [39m23/03/2569 16:20:37 [32m    LOG[39m [38;5;3m[RouterExplorer] [39m[32mMapped {/api/auth/change-password, PATCH} route[39m[38;5;3m +0ms[39m
[32m[Nest] 24244  - [39m23/03/2569 16:20:37 [32m    LOG[39m [38;5;3m[RouterExplorer] [39m[32mMapped {/api/auth/profile, PATCH} route[39m[38;5;3m +0ms[39m
[32m[Nest] 24244  - [39m23/03/2569 16:20:37 [32m    LOG[39m [38;5;3m[RoutesResolver] [39m[32mAssetsController {/api/assets}:[39m[38;5;3m +0ms[39m
[32m[Nest] 24244  - [39m23/03/2569 16:20:37 [32m    LOG[39m [38;5;3m[RouterExplorer] [39m[32mMapped {/api/assets, POST} route[39m[38;5;3m +1ms[39m
[32m[Nest] 24244  - [39m23/03/2569 16:20:37 [32m    LOG[39m [38;5;3m[RouterExplorer] [39m[32mMapped {/api/assets, GET} route[39m[38;5;3m +0ms[39m
[32m[Nest] 24244  - [39m23/03/2569 16:20:37 [32m    LOG[39m [38;5;3m[RouterExplorer] [39m[32mMapped {/api/assets/:id, GET} route[39m[38;5;3m +0ms[39m
[32m[Nest] 24244  - [39m23/03/2569 16:20:37 [32m    LOG[39m [38;5;3m[RouterExplorer] [39m[32mMapped {/api/assets/:id, PATCH} route[39m[38;5;3m +1ms[39m
[32m[Nest] 24244  - [39m23/03/2569 16:20:37 [32m    LOG[39m [38;5;3m[RouterExplorer] [39m[32mMapped {/api/assets/:id, DELETE} route[39m[38;5;3m +0ms[39m
[32m[Nest] 24244  - [39m23/03/2569 16:20:37 [32m    LOG[39m [38;5;3m[RoutesResolver] [39m[32mCredentialsController {/api/credentials}:[39m[38;5;3m +0ms[39m
[32m[Nest] 24244  - [39m23/03/2569 16:20:37 [32m    LOG[39m [38;5;3m[RouterExplorer] [39m[32mMapped {/api/credentials, POST} route[39m[38;5;3m +0ms[39m
[32m[Nest] 24244  - [39m23/03/2569 16:20:37 [32m    LOG[39m [38;5;3m[RouterExplorer] [39m[32mMapped {/api/credentials/asset/:assetId, GET} route[39m[38;5;3m +0ms[39m
[32m[Nest] 24244  - [39m23/03/2569 16:20:37 [32m    LOG[39m [38;5;3m[RouterExplorer] [39m[32mMapped {/api/credentials/:id/reveal, GET} route[39m[38;5;3m +1ms[39m
[32m[Nest] 24244  - [39m23/03/2569 16:20:37 [32m    LOG[39m [38;5;3m[RouterExplorer] [39m[32mMapped {/api/credentials/:id, PATCH} route[39m[38;5;3m +0ms[39m
[32m[Nest] 24244  - [39m23/03/2569 16:20:37 [32m    LOG[39m [38;5;3m[RouterExplorer] [39m[32mMapped {/api/credentials/:id, DELETE} route[39m[38;5;3m +0ms[39m
[32m[Nest] 24244  - [39m23/03/2569 16:20:37 [32m    LOG[39m [38;5;3m[RoutesResolver] [39m[32mDashboardController {/api/dashboard}:[39m[38;5;3m +0ms[39m
[32m[Nest] 24244  - [39m23/03/2569 16:20:37 [32m    LOG[39m [38;5;3m[RouterExplorer] [39m[32mMapped {/api/dashboard/overview, GET} route[39m[38;5;3m +0ms[39m
[32m[Nest] 24244  - [39m23/03/2569 16:20:37 [32m    LOG[39m [38;5;3m[RoutesResolver] [39m[32mUsersController {/api/users}:[39m[38;5;3m +0ms[39m
[32m[Nest] 24244  - [39m23/03/2569 16:20:37 [32m    LOG[39m [38;5;3m[RouterExplorer] [39m[32mMapped {/api/users, GET} route[39m[38;5;3m +0ms[39m
[32m[Nest] 24244  - [39m23/03/2569 16:20:37 [32m    LOG[39m [38;5;3m[RouterExplorer] [39m[32mMapped {/api/users, POST} route[39m[38;5;3m +0ms[39m
[32m[Nest] 24244  - [39m23/03/2569 16:20:37 [32m    LOG[39m [38;5;3m[RouterExplorer] [39m[32mMapped {/api/users/:id/role, PATCH} route[39m[38;5;3m +1ms[39m
[32m[Nest] 24244  - [39m23/03/2569 16:20:37 [32m    LOG[39m [38;5;3m[RouterExplorer] [39m[32mMapped {/api/users/:id, DELETE} route[39m[38;5;3m +0ms[39m
[32m[Nest] 24244  - [39m23/03/2569 16:20:37 [32m    LOG[39m [38;5;3m[RouterExplorer] [39m[32mMapped {/api/users/:id/reset-password, PATCH} route[39m[38;5;3m +0ms[39m
[32m[Nest] 24244  - [39m23/03/2569 16:20:37 [32m    LOG[39m [38;5;3m[RoutesResolver] [39m[32mDatabasesController {/api/databases}:[39m[38;5;3m +0ms[39m
[32m[Nest] 24244  - [39m23/03/2569 16:20:37 [32m    LOG[39m [38;5;3m[RouterExplorer] [39m[32mMapped {/api/databases, POST} route[39m[38;5;3m +0ms[39m
[32m[Nest] 24244  - [39m23/03/2569 16:20:37 [32m    LOG[39m [38;5;3m[RouterExplorer] [39m[32mMapped {/api/databases, GET} route[39m[38;5;3m +0ms[39m
[32m[Nest] 24244  - [39m23/03/2569 16:20:37 [32m    LOG[39m [38;5;3m[RouterExplorer] [39m[32mMapped {/api/databases/:id, GET} route[39m[38;5;3m +0ms[39m
[32m[Nest] 24244  - [39m23/03/2569 16:20:37 [32m    LOG[39m [38;5;3m[RouterExplorer] [39m[32mMapped {/api/databases/:id, PATCH} route[39m[38;5;3m +1ms[39m
[32m[Nest] 24244  - [39m23/03/2569 16:20:37 [32m    LOG[39m [38;5;3m[RouterExplorer] [39m[32mMapped {/api/databases/:id, DELETE} route[39m[38;5;3m +0ms[39m
[32m[Nest] 24244  - [39m23/03/2569 16:20:37 [32m    LOG[39m [38;5;3m[RoutesResolver] [39m[32mVmController {/api/vm}:[39m[38;5;3m +0ms[39m
[32m[Nest] 24244  - [39m23/03/2569 16:20:37 [32m    LOG[39m [38;5;3m[RouterExplorer] [39m[32mMapped {/api/vm/sources, GET} route[39m[38;5;3m +0ms[39m
[32m[Nest] 24244  - [39m23/03/2569 16:20:37 [32m    LOG[39m [38;5;3m[RouterExplorer] [39m[32mMapped {/api/vm/sources, POST} route[39m[38;5;3m +0ms[39m
[32m[Nest] 24244  - [39m23/03/2569 16:20:37 [32m    LOG[39m [38;5;3m[RouterExplorer] [39m[32mMapped {/api/vm/sources/:id, PATCH} route[39m[38;5;3m +0ms[39m
[32m[Nest] 24244  - [39m23/03/2569 16:20:37 [32m    LOG[39m [38;5;3m[RouterExplorer] [39m[32mMapped {/api/vm/sources/:id, DELETE} route[39m[38;5;3m +0ms[39m
[32m[Nest] 24244  - [39m23/03/2569 16:20:37 [32m    LOG[39m [38;5;3m[RouterExplorer] [39m[32mMapped {/api/vm/sources/sync-all, POST} route[39m[38;5;3m +1ms[39m
[32m[Nest] 24244  - [39m23/03/2569 16:20:37 [32m    LOG[39m [38;5;3m[RouterExplorer] [39m[32mMapped {/api/vm/sources/test-connection, POST} route[39m[38;5;3m +0ms[39m
[32m[Nest] 24244  - [39m23/03/2569 16:20:37 [32m    LOG[39m [38;5;3m[RouterExplorer] [39m[32mMapped {/api/vm/sources/:id/sync, POST} route[39m[38;5;3m +0ms[39m
[32m[Nest] 24244  - [39m23/03/2569 16:20:37 [32m    LOG[39m [38;5;3m[RouterExplorer] [39m[32mMapped {/api/vm/discoveries, GET} route[39m[38;5;3m +0ms[39m
[32m[Nest] 24244  - [39m23/03/2569 16:20:37 [32m    LOG[39m [38;5;3m[RouterExplorer] [39m[32mMapped {/api/vm/discoveries/:id, GET} route[39m[38;5;3m +0ms[39m
[32m[Nest] 24244  - [39m23/03/2569 16:20:37 [32m    LOG[39m [38;5;3m[RouterExplorer] [39m[32mMapped {/api/vm/discoveries/:id, PATCH} route[39m[38;5;3m +0ms[39m
[32m[Nest] 24244  - [39m23/03/2569 16:20:37 [32m    LOG[39m [38;5;3m[RouterExplorer] [39m[32mMapped {/api/vm/discoveries/:id/promote, POST} route[39m[38;5;3m +1ms[39m
[32m[Nest] 24244  - [39m23/03/2569 16:20:37 [32m    LOG[39m [38;5;3m[RouterExplorer] [39m[32mMapped {/api/vm/discoveries/:id/archive, POST} route[39m[38;5;3m +0ms[39m
[32m[Nest] 24244  - [39m23/03/2569 16:20:37 [32m    LOG[39m [38;5;3m[RouterExplorer] [39m[32mMapped {/api/vm/inventory, GET} route[39m[38;5;3m +0ms[39m
[32m[Nest] 24244  - [39m23/03/2569 16:20:37 [32m    LOG[39m [38;5;3m[RouterExplorer] [39m[32mMapped {/api/vm/inventory/:id, GET} route[39m[38;5;3m +0ms[39m
[32m[Nest] 24244  - [39m23/03/2569 16:20:37 [32m    LOG[39m [38;5;3m[RouterExplorer] [39m[32mMapped {/api/vm/inventory/:id, PATCH} route[39m[38;5;3m +0ms[39m
[32m[Nest] 24244  - [39m23/03/2569 16:20:37 [32m    LOG[39m [38;5;3m[RouterExplorer] [39m[32mMapped {/api/vm/inventory/:id/archive, POST} route[39m[38;5;3m +0ms[39m
[32m[Nest] 24244  - [39m23/03/2569 16:20:37 [32m    LOG[39m [38;5;3m[NestApplication] [39m[32mNest application successfully started[39m[38;5;3m +56ms[39m
[2J[3J[H[[90m16:21:04[0m] File change detected. Starting incremental compilation...

[[90m16:21:05[0m] Found 0 errors. Watching for file changes.

[32m[Nest] 18508  - [39m23/03/2569 16:21:06 [32m    LOG[39m [38;5;3m[NestFactory] [39m[32mStarting Nest application...[39m
[32m[Nest] 18508  - [39m23/03/2569 16:21:06 [32m    LOG[39m [38;5;3m[InstanceLoader] [39m[32mPrismaModule dependencies initialized[39m[38;5;3m +19ms[39m
[32m[Nest] 18508  - [39m23/03/2569 16:21:06 [32m    LOG[39m [38;5;3m[InstanceLoader] [39m[32mPassportModule dependencies initialized[39m[38;5;3m +0ms[39m
[32m[Nest] 18508  - [39m23/03/2569 16:21:06 [32m    LOG[39m [38;5;3m[InstanceLoader] [39m[32mJwtModule dependencies initialized[39m[38;5;3m +2ms[39m
[32m[Nest] 18508  - [39m23/03/2569 16:21:06 [32m    LOG[39m [38;5;3m[InstanceLoader] [39m[32mAppModule dependencies initialized[39m[38;5;3m +1ms[39m
[32m[Nest] 18508  - [39m23/03/2569 16:21:06 [32m    LOG[39m [38;5;3m[InstanceLoader] [39m[32mCredentialsModule dependencies initialized[39m[38;5;3m +1ms[39m
[32m[Nest] 18508  - [39m23/03/2569 16:21:06 [32m    LOG[39m [38;5;3m[InstanceLoader] [39m[32mDashboardModule dependencies initialized[39m[38;5;3m +0ms[39m
[32m[Nest] 18508  - [39m23/03/2569 16:21:06 [32m    LOG[39m [38;5;3m[InstanceLoader] [39m[32mUsersModule dependencies initialized[39m[38;5;3m +0ms[39m
[32m[Nest] 18508  - [39m23/03/2569 16:21:06 [32m    LOG[39m [38;5;3m[InstanceLoader] [39m[32mAssetsModule dependencies initialized[39m[38;5;3m +0ms[39m
[32m[Nest] 18508  - [39m23/03/2569 16:21:06 [32m    LOG[39m [38;5;3m[InstanceLoader] [39m[32mDatabasesModule dependencies initialized[39m[38;5;3m +1ms[39m
[32m[Nest] 18508  - [39m23/03/2569 16:21:06 [32m    LOG[39m [38;5;3m[InstanceLoader] [39m[32mVmModule dependencies initialized[39m[38;5;3m +0ms[39m
[32m[Nest] 18508  - [39m23/03/2569 16:21:06 [32m    LOG[39m [38;5;3m[InstanceLoader] [39m[32mAuthModule dependencies initialized[39m[38;5;3m +0ms[39m
[32m[Nest] 18508  - [39m23/03/2569 16:21:06 [32m    LOG[39m [38;5;3m[RoutesResolver] [39m[32mAppController {/}:[39m[38;5;3m +4ms[39m
[32m[Nest] 18508  - [39m23/03/2569 16:21:06 [32m    LOG[39m [38;5;3m[RouterExplorer] [39m[32mMapped {/, GET} route[39m[38;5;3m +2ms[39m
[32m[Nest] 18508  - [39m23/03/2569 16:21:06 [32m    LOG[39m [38;5;3m[RoutesResolver] [39m[32mAuthController {/api/auth}:[39m[38;5;3m +0ms[39m
[32m[Nest] 18508  - [39m23/03/2569 16:21:06 [32m    LOG[39m [38;5;3m[RouterExplorer] [39m[32mMapped {/api/auth/register, POST} route[39m[38;5;3m +1ms[39m
[32m[Nest] 18508  - [39m23/03/2569 16:21:06 [32m    LOG[39m [38;5;3m[RouterExplorer] [39m[32mMapped {/api/auth/login, POST} route[39m[38;5;3m +0ms[39m
[32m[Nest] 18508  - [39m23/03/2569 16:21:06 [32m    LOG[39m [38;5;3m[RouterExplorer] [39m[32mMapped {/api/auth/change-password, PATCH} route[39m[38;5;3m +1ms[39m
[32m[Nest] 18508  - [39m23/03/2569 16:21:06 [32m    LOG[39m [38;5;3m[RouterExplorer] [39m[32mMapped {/api/auth/profile, PATCH} route[39m[38;5;3m +0ms[39m
[32m[Nest] 18508  - [39m23/03/2569 16:21:06 [32m    LOG[39m [38;5;3m[RoutesResolver] [39m[32mAssetsController {/api/assets}:[39m[38;5;3m +0ms[39m
[32m[Nest] 18508  - [39m23/03/2569 16:21:06 [32m    LOG[39m [38;5;3m[RouterExplorer] [39m[32mMapped {/api/assets, POST} route[39m[38;5;3m +0ms[39m
[32m[Nest] 18508  - [39m23/03/2569 16:21:06 [32m    LOG[39m [38;5;3m[RouterExplorer] [39m[32mMapped {/api/assets, GET} route[39m[38;5;3m +0ms[39m
[32m[Nest] 18508  - [39m23/03/2569 16:21:06 [32m    LOG[39m [38;5;3m[RouterExplorer] [39m[32mMapped {/api/assets/:id, GET} route[39m[38;5;3m +1ms[39m
[32m[Nest] 18508  - [39m23/03/2569 16:21:06 [32m    LOG[39m [38;5;3m[RouterExplorer] [39m[32mMapped {/api/assets/:id, PATCH} route[39m[38;5;3m +0ms[39m
[32m[Nest] 18508  - [39m23/03/2569 16:21:06 [32m    LOG[39m [38;5;3m[RouterExplorer] [39m[32mMapped {/api/assets/:id, DELETE} route[39m[38;5;3m +0ms[39m
[32m[Nest] 18508  - [39m23/03/2569 16:21:06 [32m    LOG[39m [38;5;3m[RoutesResolver] [39m[32mCredentialsController {/api/credentials}:[39m[38;5;3m +0ms[39m
[32m[Nest] 18508  - [39m23/03/2569 16:21:06 [32m    LOG[39m [38;5;3m[RouterExplorer] [39m[32mMapped {/api/credentials, POST} route[39m[38;5;3m +1ms[39m
[32m[Nest] 18508  - [39m23/03/2569 16:21:06 [32m    LOG[39m [38;5;3m[RouterExplorer] [39m[32mMapped {/api/credentials/asset/:assetId, GET} route[39m[38;5;3m +0ms[39m
[32m[Nest] 18508  - [39m23/03/2569 16:21:06 [32m    LOG[39m [38;5;3m[RouterExplorer] [39m[32mMapped {/api/credentials/:id/reveal, GET} route[39m[38;5;3m +0ms[39m
[32m[Nest] 18508  - [39m23/03/2569 16:21:06 [32m    LOG[39m [38;5;3m[RouterExplorer] [39m[32mMapped {/api/credentials/:id, PATCH} route[39m[38;5;3m +0ms[39m
[32m[Nest] 18508  - [39m23/03/2569 16:21:06 [32m    LOG[39m [38;5;3m[RouterExplorer] [39m[32mMapped {/api/credentials/:id, DELETE} route[39m[38;5;3m +0ms[39m
[32m[Nest] 18508  - [39m23/03/2569 16:21:06 [32m    LOG[39m [38;5;3m[RoutesResolver] [39m[32mDashboardController {/api/dashboard}:[39m[38;5;3m +0ms[39m
[32m[Nest] 18508  - [39m23/03/2569 16:21:06 [32m    LOG[39m [38;5;3m[RouterExplorer] [39m[32mMapped {/api/dashboard/overview, GET} route[39m[38;5;3m +0ms[39m
[32m[Nest] 18508  - [39m23/03/2569 16:21:06 [32m    LOG[39m [38;5;3m[RoutesResolver] [39m[32mUsersController {/api/users}:[39m[38;5;3m +1ms[39m
[32m[Nest] 18508  - [39m23/03/2569 16:21:06 [32m    LOG[39m [38;5;3m[RouterExplorer] [39m[32mMapped {/api/users, GET} route[39m[38;5;3m +0ms[39m
[32m[Nest] 18508  - [39m23/03/2569 16:21:06 [32m    LOG[39m [38;5;3m[RouterExplorer] [39m[32mMapped {/api/users, POST} route[39m[38;5;3m +0ms[39m
[32m[Nest] 18508  - [39m23/03/2569 16:21:06 [32m    LOG[39m [38;5;3m[RouterExplorer] [39m[32mMapped {/api/users/:id/role, PATCH} route[39m[38;5;3m +0ms[39m
[32m[Nest] 18508  - [39m23/03/2569 16:21:06 [32m    LOG[39m [38;5;3m[RouterExplorer] [39m[32mMapped {/api/users/:id, DELETE} route[39m[38;5;3m +0ms[39m
[32m[Nest] 18508  - [39m23/03/2569 16:21:06 [32m    LOG[39m [38;5;3m[RouterExplorer] [39m[32mMapped {/api/users/:id/reset-password, PATCH} route[39m[38;5;3m +0ms[39m
[32m[Nest] 18508  - [39m23/03/2569 16:21:06 [32m    LOG[39m [38;5;3m[RoutesResolver] [39m[32mDatabasesController {/api/databases}:[39m[38;5;3m +0ms[39m
[32m[Nest] 18508  - [39m23/03/2569 16:21:06 [32m    LOG[39m [38;5;3m[RouterExplorer] [39m[32mMapped {/api/databases, POST} route[39m[38;5;3m +1ms[39m
[32m[Nest] 18508  - [39m23/03/2569 16:21:06 [32m    LOG[39m [38;5;3m[RouterExplorer] [39m[32mMapped {/api/databases, GET} route[39m[38;5;3m +0ms[39m
[32m[Nest] 18508  - [39m23/03/2569 16:21:06 [32m    LOG[39m [38;5;3m[RouterExplorer] [39m[32mMapped {/api/databases/:id, GET} route[39m[38;5;3m +0ms[39m
[32m[Nest] 18508  - [39m23/03/2569 16:21:06 [32m    LOG[39m [38;5;3m[RouterExplorer] [39m[32mMapped {/api/databases/:id, PATCH} route[39m[38;5;3m +0ms[39m
[32m[Nest] 18508  - [39m23/03/2569 16:21:06 [32m    LOG[39m [38;5;3m[RouterExplorer] [39m[32mMapped {/api/databases/:id, DELETE} route[39m[38;5;3m +0ms[39m
[32m[Nest] 18508  - [39m23/03/2569 16:21:06 [32m    LOG[39m [38;5;3m[RoutesResolver] [39m[32mVmController {/api/vm}:[39m[38;5;3m +0ms[39m
[32m[Nest] 18508  - [39m23/03/2569 16:21:06 [32m    LOG[39m [38;5;3m[RouterExplorer] [39m[32mMapped {/api/vm/sources, GET} route[39m[38;5;3m +0ms[39m
[32m[Nest] 18508  - [39m23/03/2569 16:21:06 [32m    LOG[39m [38;5;3m[RouterExplorer] [39m[32mMapped {/api/vm/sources, POST} route[39m[38;5;3m +0ms[39m
[32m[Nest] 18508  - [39m23/03/2569 16:21:06 [32m    LOG[39m [38;5;3m[RouterExplorer] [39m[32mMapped {/api/vm/sources/:id, PATCH} route[39m[38;5;3m +1ms[39m
[32m[Nest] 18508  - [39m23/03/2569 16:21:06 [32m    LOG[39m [38;5;3m[RouterExplorer] [39m[32mMapped {/api/vm/sources/:id, DELETE} route[39m[38;5;3m +0ms[39m
[32m[Nest] 18508  - [39m23/03/2569 16:21:06 [32m    LOG[39m [38;5;3m[RouterExplorer] [39m[32mMapped {/api/vm/sources/sync-all, POST} route[39m[38;5;3m +0ms[39m
[32m[Nest] 18508  - [39m23/03/2569 16:21:06 [32m    LOG[39m [38;5;3m[RouterExplorer] [39m[32mMapped {/api/vm/sources/test-connection, POST} route[39m[38;5;3m +0ms[39m
[32m[Nest] 18508  - [39m23/03/2569 16:21:06 [32m    LOG[39m [38;5;3m[RouterExplorer] [39m[32mMapped {/api/vm/sources/:id/sync, POST} route[39m[38;5;3m +0ms[39m
[32m[Nest] 18508  - [39m23/03/2569 16:21:06 [32m    LOG[39m [38;5;3m[RouterExplorer] [39m[32mMapped {/api/vm/discoveries, GET} route[39m[38;5;3m +0ms[39m
[32m[Nest] 18508  - [39m23/03/2569 16:21:06 [32m    LOG[39m [38;5;3m[RouterExplorer] [39m[32mMapped {/api/vm/discoveries/:id, GET} route[39m[38;5;3m +0ms[39m
[32m[Nest] 18508  - [39m23/03/2569 16:21:06 [32m    LOG[39m [38;5;3m[RouterExplorer] [39m[32mMapped {/api/vm/discoveries/:id, PATCH} route[39m[38;5;3m +0ms[39m
[32m[Nest] 18508  - [39m23/03/2569 16:21:06 [32m    LOG[39m [38;5;3m[RouterExplorer] [39m[32mMapped {/api/vm/discoveries/:id/promote, POST} route[39m[38;5;3m +1ms[39m
[32m[Nest] 18508  - [39m23/03/2569 16:21:06 [32m    LOG[39m [38;5;3m[RouterExplorer] [39m[32mMapped {/api/vm/discoveries/:id/archive, POST} route[39m[38;5;3m +0ms[39m
[32m[Nest] 18508  - [39m23/03/2569 16:21:06 [32m    LOG[39m [38;5;3m[RouterExplorer] [39m[32mMapped {/api/vm/inventory, GET} route[39m[38;5;3m +0ms[39m
[32m[Nest] 18508  - [39m23/03/2569 16:21:06 [32m    LOG[39m [38;5;3m[RouterExplorer] [39m[32mMapped {/api/vm/inventory/:id, GET} route[39m[38;5;3m +0ms[39m
[32m[Nest] 18508  - [39m23/03/2569 16:21:06 [32m    LOG[39m [38;5;3m[RouterExplorer] [39m[32mMapped {/api/vm/inventory/:id, PATCH} route[39m[38;5;3m +0ms[39m
[32m[Nest] 18508  - [39m23/03/2569 16:21:06 [32m    LOG[39m [38;5;3m[RouterExplorer] [39m[32mMapped {/api/vm/inventory/:id/archive, POST} route[39m[38;5;3m +0ms[39m
[32m[Nest] 18508  - [39m23/03/2569 16:21:06 [32m    LOG[39m [38;5;3m[NestApplication] [39m[32mNest application successfully started[39m[38;5;3m +63ms[39m
^C^C^C